0 info it worked if it ends with ok
1 verbose cli [ 'C:\\Program Files\\nodejs\\node.exe',
1 verbose cli   'C:\\Program Files\\nodejs\\node_modules\\npm\\bin\\npm-cli.js',
1 verbose cli   'start' ]
2 info using npm@3.10.9
3 info using node@v6.9.2
4 verbose run-script [ 'prestart', 'start', 'poststart' ]
5 info lifecycle list-filter@1.0.0~prestart: list-filter@1.0.0
6 silly lifecycle list-filter@1.0.0~prestart: no script for prestart, continuing
7 info lifecycle list-filter@1.0.0~start: list-filter@1.0.0
8 verbose lifecycle list-filter@1.0.0~start: unsafe-perm in lifecycle true
9 verbose lifecycle list-filter@1.0.0~start: PATH: C:\Program Files\nodejs\node_modules\npm\bin\node-gyp-bin;C:\Users\wellington.gallo\Desktop\TodoList\node_modules\.bin;C:\Program Files\Docker\Docker\Resources\bin;C:\ProgramData\Oracle\Java\javapath;C:\WINDOWS\system32;C:\WINDOWS;C:\WINDOWS\System32\Wbem;C:\WINDOWS\System32\WindowsPowerShell\v1.0\;C:\Program Files\Git\cmd;C:\xampp\php;C:\ProgramData\ComposerSetup\bin;C:\Program Files\nodejs\;C:\Program Files (x86)\Skype\Phone\;"C:\Users\wellington.gallo\AppData\Local\Microsoft\WindowsApps;C:\Program Files (x86)\Java\jre1.8.0_101\bin\\;C:\projetos\java\apache-maven-3.5.0-bin\apache-maven-3.5.0\\bin";"C:\Users\wellington.gallo\AppData\Roaming\Composer\vendor\bin\;C:\projetos\java\apache-maven-3.5.0-bin\apache-maven-3.5.0\\bin";C:\Users\wellington.gallo\Desktop\curl-7.53.1;C:\Arquivos de Programas\MySQL\MySQL Server 5.7\bin;
10 verbose lifecycle list-filter@1.0.0~start: CWD: C:\Users\wellington.gallo\Desktop\TodoList
11 silly lifecycle list-filter@1.0.0~start: Args: [ '/d /s /c', 'webpack --watch' ]
12 verbose stack Error: kill ENOSYS
12 verbose stack     at exports._errnoException (util.js:1022:11)
12 verbose stack     at process.kill (internal/process.js:172:13)
12 verbose stack     at process.listener (C:\Program Files\nodejs\node_modules\npm\node_modules\npmlog\node_modules\gauge\node_modules\signal-exit\index.js:86:15)
12 verbose stack     at emitNone (events.js:91:20)
12 verbose stack     at process.emit (events.js:185:7)
12 verbose stack     at processEmit (C:\Program Files\nodejs\node_modules\npm\node_modules\npmlog\node_modules\gauge\node_modules\signal-exit\index.js:146:32)
12 verbose stack     at processEmit (C:\Program Files\nodejs\node_modules\npm\node_modules\npm-registry-client\node_modules\npmlog\node_modules\gauge\node_modules\signal-exit\index.js:146:32)
12 verbose stack     at Signal.wrap.onsignal (internal/process.js:199:44)
13 verbose cwd C:\Users\wellington.gallo\Desktop\TodoList\src\js
14 error Windows_NT 10.0.15063
15 error argv "C:\\Program Files\\nodejs\\node.exe" "C:\\Program Files\\nodejs\\node_modules\\npm\\bin\\npm-cli.js" "start"
16 error node v6.9.2
17 error npm  v3.10.9
18 error code ENOSYS
19 error errno ENOSYS
20 error syscall kill
21 error kill ENOSYS
22 error If you need help, you may report this error at:
22 error     <https://github.com/npm/npm/issues>
23 verbose exit [ 1, true ]
